[2016-08-08 16:58:08] general.INFO: reqeust 821436375 [] []
[2016-08-08 16:58:08] general.INFO: reqeust fb_verify_token [] []
[2016-08-08 16:58:57] general.INFO: hub_verify_token fb_verify_token [] []
[2016-08-08 16:59:45] general.INFO: hub_verify_token fb_verify_token [] []
[2016-08-08 16:59:45] general.INFO: webhook_token fb_verify_token [] []
[2016-08-08 17:00:25] general.INFO: webhook_token Array [] []
[2016-08-08 17:00:42] general.INFO: webhook_token fb_verify_token [] []
[2016-08-08 17:01:37] general.INFO: drin [] []
[2016-12-06 20:47:02] general.INFO: test [] []
[2016-12-06 20:47:19] general.INFO: test [] []
[2016-12-06 20:48:04] general.INFO: hey [] []
[2016-12-06 20:48:47] general.INFO: 942036872571529 Define your own logic to reply to this message: fsdfsdfd [] []
[2016-12-06 20:52:43] general.WARNING: Client error: `GET https://api.wit.ai/message?q=` resulted in a `400 Bad Request` response: {   "error" : "Message is either too short or too long (max is 256)",   "code" : "msg-invalid" }  [] []
[2016-12-06 20:53:10] general.WARNING: witai answer: {"msg_id":"817d74df-acb0-42fe-ad87-7cc7ed3d042e","_text":"hello","entities":{"intent":[{"confidence":0.96865945687465,"value":"greetings"}]}} [] []
[2016-12-06 20:54:57] general.WARNING: witai answer: null [] []
[2016-12-06 20:55:21] general.WARNING: witai answer: {"intent":[{"confidence":0.96865945687465,"value":"greetings"}]} [] []
[2016-12-06 20:55:34] general.WARNING: witai answer: [] [] []
[2016-12-06 20:55:56] general.WARNING: witai answer: null [] []
[2016-12-06 20:56:24] general.WARNING: witai answer: "greetings" [] []
[2016-12-06 20:56:35] general.WARNING: witai answer: "greetings" [] []
